name: 因扎吉FIFA
url: http://mp.weixin.qq.com/profile?src=3&timestamp=1502274764&ver=1&signature=7brJwz5s53fssoqfeKVFhqiFfPmyKkiNj*0E1nMQ3FGcZJb9eNy8zb6kGjCrWkSEFGA7lGERY4T-hr9YKGFwfA==
=======>>  Total: 1
name: 领尚外贸男装
url: http://mp.weixin.qq.com/profile?src=3&timestamp=1502274764&ver=1&signature=e1VX88L6ygVVdOFGeVvn4j3oRDBjp2lXtjP3Gy3vyTlo1uw*qMuGNU-XC1OmSINW0UmgyI8qtUHKjgSexlg3pw==
=======>>  Total: 2
name: 池州查查网
url: http://mp.weixin.qq.com/profile?src=3&timestamp=1502274764&ver=1&signature=mjn9Jdv1fToK3lon*JG2A8fYz0fT6TQ6AXCs3e0eBg4yuS6GuIvijRz6gfuP69SO8at-f88TOb2TftbXmreYMQ==
=======>>  Total: 3
name: 吃遍苍南
url: http://mp.weixin.qq.com/profile?src=3&timestamp=1502274764&ver=1&signature=lAvTFrId6RMDauWDH5lhNwMOIC1fNsWYGpivx2tzCWzJyllXDCKSAO6XZ-aMVbWu1CqZgleyjKd1PkX84pToQw==
=======>>  Total: 4
name: 江湖人称艾掌门
url: http://mp.weixin.qq.com/profile?src=3&timestamp=1502274764&ver=1&signature=iVVtKnqb*a0vTsWjBUuCwr6g5M-6V5vmWTaTHN9P0gH8vAfj5Bnz3yfosNLPmW4i7uCfPlUihle3g*cgLEw8Wg==
=======>>  Total: 5
name: 重庆买买买
url: http://mp.weixin.qq.com/profile?src=3&timestamp=1502274764&ver=1&signature=MGITVCDpG73FhwSEbffgr4sxGQF1Zjl8rKpbzL42FrrNYHhdHOJt2fnmtuRhC0aThbay1cU3tdYU3jK8Ensb0A==
=======>>  Total: 6
name: 花垣外卖
url: http://mp.weixin.qq.com/profile?src=3&timestamp=1502274764&ver=1&signature=k2BViWdhC68R52mJHTPNtHEXBvggPSj1F-6QZvKiHLoLSWhIfhVBN6ix8dTgXJWxP6oV73jaUmY34v98qMAl8w==
=======>>  Total: 7
name: 东京印象
url: http://mp.weixin.qq.com/profile?src=3&timestamp=1502274764&ver=1&signature=uJ70t*1XNOw3PD6u2YIZOndzy*XFw5coBBLjg6ARTuFZFRM2ojhT27d7V*Mn15PLhPo6Rk37nXCJREVg38YnCA==
=======>>  Total: 8
name: 明明讲故事
url: http://mp.weixin.qq.com/profile?src=3&timestamp=1502274764&ver=1&signature=cX9EHmVtM06*8850QgG7oQjepkLjXyq*AOeXpgTX78uK9b5Lt9OqXycoobJZfsaZsCcQ8LpNHOYNvZNn3PYchw==
=======>>  Total: 9
name: 育儿之家
url: http://mp.weixin.qq.com/profile?src=3&timestamp=1502274764&ver=1&signature=B45Jj8LqIYaaTRzMuKcXZxMxwBQ8uiphDKqfoOpwLkq0aHcy20R-21KechsDlbA7tJk1CH9f9fX7NOcUvG9JPw==
=======>>  Total: 10
